<?xml version="1.0" encoding="UTF-8"?>
<!-- Generated by org.testng.reporters.JUnitXMLReporter -->
<testsuite ignored="0" hostname="Sunils-MacBook-Pro-2.local" failures="1" tests="2" name="Test" time="1.777" errors="0" timestamp="2021-05-24T17:51:06 IST">
  <testcase classname="cowin.book_appoinment" name="get_information" time="1.488">
    <failure type="java.lang.AssertionError" message="expected [true] but found [false]">
      <![CDATA[java.lang.AssertionError: expected [true] but found [false]
at cowin.book_appoinment.get_information(book_appoinment.java:64)
at java.base/java.util.ArrayList.forEach(ArrayList.java:1511)
... Removed 31 stack frames]]>
    </failure>
  </testcase> <!-- get_information -->
  <testcase classname="cowin.book_appoinment" name="get_information1" time="0.264"/>
</testsuite> <!-- Test -->
