<?xml version="1.0" encoding="UTF-8"?>
<!-- Generated by org.testng.reporters.JUnitXMLReporter -->
<testsuite ignored="0" hostname="Sunils-MacBook-Pro-2.local" failures="2" tests="2" name="Test" time="1.704" errors="0" timestamp="2021-05-24T17:58:16 IST">
  <testcase classname="cowin.book_appoinment" name="get_information" time="1.45">
    <failure type="java.lang.AssertionError" message="expected [true] but found [false]">
      <![CDATA[java.lang.AssertionError: expected [true] but found [false]
at cowin.book_appoinment.get_information(book_appoinment.java:63)
at java.base/java.util.ArrayList.forEach(ArrayList.java:1511)
... Removed 40 stack frames]]>
    </failure>
  </testcase> <!-- get_information -->
  <testcase classname="cowin.book_appoinment" name="get_information1" time="0.231">
    <failure type="java.lang.AssertionError" message="expected [true] but found [false]">
      <![CDATA[java.lang.AssertionError: expected [true] but found [false]
at cowin.book_appoinment.get_information1(book_appoinment.java:110)
at java.base/java.util.ArrayList.forEach(ArrayList.java:1511)
... Removed 40 stack frames]]>
    </failure>
  </testcase> <!-- get_information1 -->
</testsuite> <!-- Test -->
